[debug] [2023-01-24T18:31:18.302Z] ----------------------------------------------------------------------
[debug] [2023-01-24T18:31:18.303Z] Command:       C:\Program Files\nodejs\node.exe C:\Users\Alond\AppData\Roaming\npm\node_modules\firebase-tools\lib\bin\firebase.js init
[debug] [2023-01-24T18:31:18.304Z] CLI Version:   11.21.0
[debug] [2023-01-24T18:31:18.304Z] Platform:      win32
[debug] [2023-01-24T18:31:18.304Z] Node Version:  v18.13.0
[debug] [2023-01-24T18:31:18.304Z] Time:          Tue Jan 24 2023 13:31:18 GMT-0500 (hora estándar de Perú)
[debug] [2023-01-24T18:31:18.304Z] ----------------------------------------------------------------------
[debug] 
[debug] [2023-01-24T18:31:18.307Z] >>> [apiv2][query] GET https://firebase-public.firebaseio.com/cli.json [none]
[debug] [2023-01-24T18:31:18.392Z] > command requires scopes: ["email","openid","https://www.googleapis.com/auth/cloudplatformprojects.readonly","https://www.googleapis.com/auth/firebase","https://www.googleapis.com/auth/cloud-platform"]
[debug] [2023-01-24T18:31:18.392Z] > authorizing via signed-in user (selenerg.275@gmail.com)
[info] 
     ######## #### ########  ######## ########     ###     ######  ########
     ##        ##  ##     ## ##       ##     ##  ##   ##  ##       ##
     ######    ##  ########  ######   ########  #########  ######  ######
     ##        ##  ##    ##  ##       ##     ## ##     ##       ## ##
     ##       #### ##     ## ######## ########  ##     ##  ######  ########

You're about to initialize a Firebase project in this directory:

  D:\BECAJOVENES BICENTENARIO\beca\ANGULAR\SESION22\angular-autenticacionFirebase

Before we get started, keep in mind:

  * You are initializing within an existing Firebase project directory

[debug] [2023-01-24T18:31:18.775Z] <<< [apiv2][status] GET https://firebase-public.firebaseio.com/cli.json 200
[debug] [2023-01-24T18:31:18.775Z] <<< [apiv2][body] GET https://firebase-public.firebaseio.com/cli.json {"cloudBuildErrorAfter":1594252800000,"cloudBuildWarnAfter":1590019200000,"defaultNode10After":1594252800000,"minVersion":"3.0.5","node8DeploysDisabledAfter":1613390400000,"node8RuntimeDisabledAfter":1615809600000,"node8WarnAfter":1600128000000}
[info] 
=== Project Setup
[info] 
[info] First, let's associate this project directory with a Firebase project.
[info] You can create multiple project aliases by running firebase use --add, 
[info] but for now we'll just set up a default project.
[info] 
